Starting "JHELLER"."GCATDB_ORACLE_EXPORT_20250222021537":  
Processing object type TABLE_EXPORT/TABLE/TABLE_DATA
Processing object type TABLE_EXPORT/TABLE/INDEX/STATISTICS/INDEX_STATISTICS
Processing object type TABLE_EXPORT/TABLE/STATISTICS/TABLE_STATISTICS
Processing object type TABLE_EXPORT/TABLE/STATISTICS/MARKER
Processing object type TABLE_EXPORT/TABLE/TABLE
Processing object type TABLE_EXPORT/TABLE/INDEX/INDEX
Processing object type TABLE_EXPORT/TABLE/CONSTRAINT/CONSTRAINT
Processing object type TABLE_EXPORT/TABLE/CONSTRAINT/REF_CONSTRAINT
. . exported "JHELLER"."LAUNCH"                          1.971 MB   74994 rows
. . exported "JHELLER"."LAUNCH_AGENCY_ORG"               166.2 KB   76924 rows
. . exported "JHELLER"."SATELLITE_OWNER_ORG"             122.1 KB   64708 rows
. . exported "JHELLER"."ORGANIZATION"                    221.9 KB    3825 rows
. . exported "JHELLER"."SATELLITE_MANUFACTURER_ORG"      94.25 KB   40397 rows
. . exported "JHELLER"."PAYLOAD_CATEGORY"                53.08 KB   25297 rows
. . exported "JHELLER"."LAUNCH_POINT"                    61.92 KB    2778 rows
. . exported "JHELLER"."LAUNCH_INVESTIGATOR"             51.85 KB   11774 rows
. . exported "JHELLER"."SITE"                            40.11 KB     699 rows
. . exported "JHELLER"."ENGINE"                          38.36 KB    1431 rows
. . exported "JHELLER"."LAUNCH_VEHICLE"                  31.90 KB    1778 rows
. . exported "JHELLER"."REFERENCE"                       41.21 KB    3052 rows
. . exported "JHELLER"."STAGE"                           33.84 KB    1552 rows
. . exported "JHELLER"."PLATFORM"                        19.08 KB     382 rows
. . exported "JHELLER"."WORLD"                           22.63 KB     286 rows
. . exported "JHELLER"."ORGANIZATION_ORG_TYPE"           21.75 KB    5622 rows
. . exported "JHELLER"."LAUNCH_POINT_ORG"                14.13 KB    2724 rows
. . exported "JHELLER"."ENGINE_PROPELLANT"               9.828 KB    2078 rows
. . exported "JHELLER"."LAUNCH_VEHICLE_ORG"              16.54 KB    1869 rows
. . exported "JHELLER"."PAYLOAD_DISCIPLINE"              11.39 KB    2374 rows
. . exported "JHELLER"."STAGE_MANUFACTURER"              14.36 KB    1567 rows
. . exported "JHELLER"."ENGINE_MANUFACTURER"             9.992 KB    1482 rows
. . exported "JHELLER"."SITE_ORG"                        8.265 KB     710 rows
. . exported "JHELLER"."PLATFORM_ORG"                    6.476 KB     384 rows
. . exported "JHELLER"."LAUNCH_VEHICLE_FAMILY"           7.664 KB     657 rows
. . exported "JHELLER"."ORGANIZATION_TYPE"               5.546 KB      17 rows
. . exported "JHELLER"."LAUNCH_PAYLOAD_ORG"              4.843 KB       3 rows
. . exported "JHELLER"."LAUNCH_VEHICLE_STAGE"            43.71 KB    4613 rows
. . exported "JHELLER"."PAYLOAD"                         655.1 KB   24889 rows
. . exported "JHELLER"."SATELLITE"                       7.091 MB  268127 rows
Master table "JHELLER"."GCATDB_ORACLE_EXPORT_20250222021537" successfully loaded/unloaded
******************************************************************************
Dump file set for JHELLER.GCATDB_ORACLE_EXPORT_20250222021537 is:
  C:\GCATDB\EXPORTS\GCATDB_ORACLE_EXPORT_20250222021537.DMP
Job "JHELLER"."GCATDB_ORACLE_EXPORT_20250222021537" successfully completed at Sat Feb 22 02:16:27 2025 elapsed 0 00:00:43
